<?xml version="1.0" encoding="UTF-8"?>
<!-- Generated by org.testng.reporters.JUnitReportReporter -->
<testsuite name="Testcases.testcase3" tests="1" time="32.498" ignored="0" failures="0" timestamp="13 Jul 2017 14:37:14 GMT" skipped="0" hostname="PC178" errors="0">
  <testcase name="testing" time="32.498" classname="Testcases.testcase3"/>
</testsuite> <!-- Testcases.testcase3 -->
