<?xml version="1.0" encoding="UTF-8"?>
<!-- Generated by org.testng.reporters.JUnitReportReporter -->
<testsuite name="Testcases.testcase2" tests="1" time="31.176" ignored="0" failures="0" timestamp="12 Jul 2017 06:40:15 GMT" skipped="0" hostname="PC178" errors="0">
  <testcase name="thungaythangnamsinh" time="31.176" classname="Testcases.testcase2"/>
</testsuite> <!-- Testcases.testcase2 -->
