<?xml version="1.0" encoding="UTF-8"?>
<!-- Generated by org.testng.reporters.JUnitReportReporter -->
<testsuite name="Testcases.SearchProduct" tests="1" time="5.936" ignored="0" failures="0" timestamp="17 Jul 2017 10:01:14 GMT" skipped="0" hostname="DESKTOP-QTE6R86" errors="0">
  <testcase name="searchProduct" time="5.936" classname="Testcases.SearchProduct"/>
</testsuite> <!-- Testcases.SearchProduct -->
