<?xml version="1.0" encoding="UTF-8"?>
<!-- Generated by org.testng.reporters.JUnitReportReporter -->
<testsuite name="Testcases.testcase1" tests="1" time="5.795" ignored="0" failures="0" timestamp="11 Jul 2017 11:01:47 GMT" skipped="0" hostname="PC178" errors="0">
  <testcase name="testcaseLogin" time="5.795" classname="Testcases.testcase1"/>
</testsuite> <!-- Testcases.testcase1 -->
